<?xml version="1.0" ?><testsuite name="tp_medev.PionTest" time="0.057" timestamp="2025-01-13T09:00:51" tests="7" failures="1" skipped="0" aborted="0"><properties><property name="sun.desktop" value="windows"></property><property name="awt.toolkit" value="sun.awt.windows.WToolkit"></property><property name="ant.library.dir" value="C:\Program Files\Java\Ant\apache-ant-1.10.14\lib"></property><property name="ant.file.type" value="file"></property><property name="java.specification.version" value="11"></property><property name="ant.project.name" value="MEDEV_fin_TP"></property><property name="sun.cpu.isalist" value="amd64"></property><property name="sun.jnu.encoding" value="Cp1252"></property><property name="java.class.path" value="C:\Program Files\Java\Ant\apache-ant-1.10.14\lib\ant-launcher.jar;C:\Program Files\Java\Ant\apache-ant-1.10.14\lib\activation-1.1.jar;C:\Program Files\Java\Ant\apache-ant-1.10.14\lib\ant-antlr.jar;C:\Program Files\Java\Ant\apache-ant-1.10.14\lib\ant-antunit-1.4.1.jar;C:\Program Files\Java\Ant\apache-ant-1.10.14\lib\ant-apache-bcel.jar;C:\Program Files\Java\Ant\apache-ant-1.10.14\lib\ant-apache-bsf.jar;C:\Program Files\Java\Ant\apache-ant-1.10.14\lib\ant-apache-log4j.jar;C:\Program Files\Java\Ant\apache-ant-1.10.14\lib\ant-apache-oro.jar;C:\Program Files\Java\Ant\apache-ant-1.10.14\lib\ant-apache-regexp.jar;C:\Program Files\Java\Ant\apache-ant-1.10.14\lib\ant-apache-resolver.jar;C:\Program Files\Java\Ant\apache-ant-1.10.14\lib\ant-apache-xalan2.jar;C:\Program Files\Java\Ant\apache-ant-1.10.14\lib\ant-commons-logging.jar;C:\Program Files\Java\Ant\apache-ant-1.10.14\lib\ant-commons-net.jar;C:\Program Files\Java\Ant\apache-ant-1.10.14\lib\ant-imageio.jar;C:\Program Files\Java\Ant\apache-ant-1.10.14\lib\ant-jai.jar;C:\Program Files\Java\Ant\apache-ant-1.10.14\lib\ant-jakartamail.jar;C:\Program Files\Java\Ant\apache-ant-1.10.14\lib\ant-javamail.jar;C:\Program Files\Java\Ant\apache-ant-1.10.14\lib\ant-jdepend.jar;C:\Program Files\Java\Ant\apache-ant-1.10.14\lib\ant-jmf.jar;C:\Program Files\Java\Ant\apache-ant-1.10.14\lib\ant-jsch.jar;C:\Program Files\Java\Ant\apache-ant-1.10.14\lib\ant-junit.jar;C:\Program Files\Java\Ant\apache-ant-1.10.14\lib\ant-junit4.jar;C:\Program Files\Java\Ant\apache-ant-1.10.14\lib\ant-junitlauncher.jar;C:\Program Files\Java\Ant\apache-ant-1.10.14\lib\ant-launcher.jar;C:\Program Files\Java\Ant\apache-ant-1.10.14\lib\ant-netrexx.jar;C:\Program Files\Java\Ant\apache-ant-1.10.14\lib\ant-swing.jar;C:\Program Files\Java\Ant\apache-ant-1.10.14\lib\ant-testutil.jar;C:\Program Files\Java\Ant\apache-ant-1.10.14\lib\ant-xz.jar;C:\Program Files\Java\Ant\apache-ant-1.10.14\lib\ant.jar;C:\Program Files\Java\Ant\apache-ant-1.10.14\lib\antlr-2.7.7.jar;C:\Program Files\Java\Ant\apache-ant-1.10.14\lib\apiguardian-api-1.1.2.jar;C:\Program Files\Java\Ant\apache-ant-1.10.14\lib\asm-7.1.jar;C:\Program Files\Java\Ant\apache-ant-1.10.14\lib\asm-analysis-7.1.jar;C:\Program Files\Java\Ant\apache-ant-1.10.14\lib\asm-commons-7.1.jar;C:\Program Files\Java\Ant\apache-ant-1.10.14\lib\asm-tree-7.1.jar;C:\Program Files\Java\Ant\apache-ant-1.10.14\lib\asm-util-7.1.jar;C:\Program Files\Java\Ant\apache-ant-1.10.14\lib\bcel-6.7.0.jar;C:\Program Files\Java\Ant\apache-ant-1.10.14\lib\bsf-2.4.0.jar;C:\Program Files\Java\Ant\apache-ant-1.10.14\lib\bsh-2.0b5.jar;C:\Program Files\Java\Ant\apache-ant-1.10.14\lib\commons-lang3-3.12.0.jar;C:\Program Files\Java\Ant\apache-ant-1.10.14\lib\commons-logging-1.0.4.jar;C:\Program Files\Java\Ant\apache-ant-1.10.14\lib\commons-logging-api-1.1.jar;C:\Program Files\Java\Ant\apache-ant-1.10.14\lib\commons-net-3.9.0.jar;C:\Program Files\Java\Ant\apache-ant-1.10.14\lib\graal-sdk-20.1.0.jar;C:\Program Files\Java\Ant\apache-ant-1.10.14\lib\hamcrest-core-1.3.jar;C:\Program Files\Java\Ant\apache-ant-1.10.14\lib\hamcrest-library-1.3.jar;C:\Program Files\Java\Ant\apache-ant-1.10.14\lib\icu4j-66.1.jar;C:\Program Files\Java\Ant\apache-ant-1.10.14\lib\ivy-2.5.1.jar;C:\Program Files\Java\Ant\apache-ant-1.10.14\lib\jai-codec-1.1.3.jar;C:\Program Files\Java\Ant\apache-ant-1.10.14\lib\jai-core-1.1.3.jar;C:\Program Files\Java\Ant\apache-ant-1.10.14\lib\jakarta-regexp-1.4.jar;C:\Program Files\Java\Ant\apache-ant-1.10.14\lib\jakarta.activation-2.0.1.jar;C:\Program Files\Java\Ant\apache-ant-1.10.14\lib\jakarta.mail-2.0.1.jar;C:\Program Files\Java\Ant\apache-ant-1.10.14\lib\jasper-compiler-4.1.36.jar;C:\Program Files\Java\Ant\apache-ant-1.10.14\lib\jasper-runtime-4.1.36.jar;C:\Program Files\Java\Ant\apache-ant-1.10.14\lib\javax.mail-1.6.2.jar;C:\Program Files\Java\Ant\apache-ant-1.10.14\lib\jdepend-2.9.1.jar;C:\Program Files\Java\Ant\apache-ant-1.10.14\lib\jruby-1.6.8.jar;C:\Program Files\Java\Ant\apache-ant-1.10.14\lib\js-20.1.0.jar;C:\Program Files\Java\Ant\apache-ant-1.10.14\lib\js-scriptengine-20.1.0.jar;C:\Program Files\Java\Ant\apache-ant-1.10.14\lib\jsch-0.1.55.jar;C:\Program Files\Java\Ant\apache-ant-1.10.14\lib\junit-4.13.2.jar;C:\Program Files\Java\Ant\apache-ant-1.10.14\lib\junit-jupiter-api-5.10.0.jar;C:\Program Files\Java\Ant\apache-ant-1.10.14\lib\junit-jupiter-engine-5.10.0.jar;C:\Program Files\Java\Ant\apache-ant-1.10.14\lib\junit-jupiter-params-5.10.0.jar;C:\Program Files\Java\Ant\apache-ant-1.10.14\lib\junit-platform-commons-1.10.0.jar;C:\Program Files\Java\Ant\apache-ant-1.10.14\lib\junit-platform-engine-1.10.0.jar;C:\Program Files\Java\Ant\apache-ant-1.10.14\lib\junit-platform-launcher-1.10.0.jar;C:\Program Files\Java\Ant\apache-ant-1.10.14\lib\junit-vintage-engine-5.10.0.jar;C:\Program Files\Java\Ant\apache-ant-1.10.14\lib\log4j-1.2.14.jar;C:\Program Files\Java\Ant\apache-ant-1.10.14\lib\maven-resolver-ant-tasks-1.4.0-uber.jar;C:\Program Files\Java\Ant\apache-ant-1.10.14\lib\NetRexxC-2.05.jar;C:\Program Files\Java\Ant\apache-ant-1.10.14\lib\opentest4j-1.3.0.jar;C:\Program Files\Java\Ant\apache-ant-1.10.14\lib\oro-2.0.8.jar;C:\Program Files\Java\Ant\apache-ant-1.10.14\lib\regex-20.1.0.jar;C:\Program Files\Java\Ant\apache-ant-1.10.14\lib\rhino-1.7.14.jar;C:\Program Files\Java\Ant\apache-ant-1.10.14\lib\serializer-2.7.3.jar;C:\Program Files\Java\Ant\apache-ant-1.10.14\lib\servlet-api-2.3.jar;C:\Program Files\Java\Ant\apache-ant-1.10.14\lib\truffle-api-20.1.0.jar;C:\Program Files\Java\Ant\apache-ant-1.10.14\lib\which-1.0.jar;C:\Program Files\Java\Ant\apache-ant-1.10.14\lib\xalan-2.7.3.jar;C:\Program Files\Java\Ant\apache-ant-1.10.14\lib\xml-resolver-1.2.jar;C:\Program Files\Java\Ant\apache-ant-1.10.14\lib\xz-1.9.jar"></property><property name="java.vm.vendor" value="Oracle Corporation"></property><property name="jar.dir" value="project/apps"></property><property name="sun.arch.data.model" value="64"></property><property name="src.test.dir" value="project/src/test/java/tp_medev"></property><property name="user.variant" value=""></property><property name="ant.file.MEDEV_fin_TP" value="C:\Users\Timothée\Documents\Centrale\Cours EI2 - Info SI\MEDEV\TP_final\MEDEV_TP_Note\tp_final\build.xml"></property><property name="java.vendor.url" value="https://openjdk.java.net/"></property><property name="jar.mainclass" value="tp_medev.Partie"></property><property name="user.timezone" value=""></property><property name="os.name" value="Windows 11"></property><property name="java.vm.specification.version" value="11"></property><property name="sun.java.launcher" value="SUN_STANDARD"></property><property name="user.country" value="FR"></property><property name="sun.boot.library.path" value="C:\Program Files\Java\jdk-11\bin"></property><property name="sun.java.command" value="org.apache.tools.ant.launch.Launcher report-test"></property><property name="jdk.debug" value="release"></property><property name="sun.cpu.endian" value="little"></property><property name="user.home" value="C:\Users\Timothée"></property><property name="user.language" value="fr"></property><property name="sun.stderr.encoding" value="cp850"></property><property name="java.specification.vendor" value="Oracle Corporation"></property><property name="java.version.date" value="2024-07-16"></property><property name="java.home" value="C:\Program Files\Java\jdk-11"></property><property name="basedir" value="C:\Users\Timothée\Documents\Centrale\Cours EI2 - Info SI\MEDEV\TP_final\MEDEV_TP_Note\tp_final"></property><property name="javadoc.dir" value="project/docs/javadoc"></property><property name="file.separator" value="\"></property><property name="java.vm.compressedOopsMode" value="Zero based"></property><property name="line.separator" value="
"></property><property name="sun.stdout.encoding" value="cp850"></property><property name="ant.java.version" value="11"></property><property name="java.specification.name" value="Java Platform API Specification"></property><property name="java.vm.specification.vendor" value="Oracle Corporation"></property><property name="test.results.dir" value="project/build/test-results"></property><property name="java.awt.graphicsenv" value="sun.awt.Win32GraphicsEnvironment"></property><property name="user.script" value=""></property><property name="jar.name" value="app.jar"></property><property name="test.report.dir" value="project/docs/test-report"></property><property name="sun.management.compiler" value="HotSpot 64-Bit Tiered Compilers"></property><property name="java.runtime.version" value="11.0.24+7-LTS-271"></property><property name="user.name" value="Timothée"></property><property name="ant.file" value="C:\Users\Timothée\Documents\Centrale\Cours EI2 - Info SI\MEDEV\TP_final\MEDEV_TP_Note\tp_final\build.xml"></property><property name="path.separator" value=";"></property><property name="os.version" value="10.0"></property><property name="dependencies.dir" value="project/lib"></property><property name="java.runtime.name" value="Java(TM) SE Runtime Environment"></property><property name="file.encoding" value="Cp1252"></property><property name="ant.project.invoked-targets" value="report-test"></property><property name="java.vm.name" value="Java HotSpot(TM) 64-Bit Server VM"></property><property name="java.vendor.version" value="18.9"></property><property name="build.dir" value="project/build/"></property><property name="ant.core.lib" value="C:\Program Files\Java\Ant\apache-ant-1.10.14\lib\ant.jar"></property><property name="java.vendor.url.bug" value="https://bugreport.java.com/bugreport/"></property><property name="java.io.tmpdir" value="C:\Users\TIMOTH~1\AppData\Local\Temp\"></property><property name="java.version" value="11.0.24"></property><property name="user.dir" value="C:\Users\Timothée\Documents\Centrale\Cours EI2 - Info SI\MEDEV\TP_final\MEDEV_TP_Note\tp_final"></property><property name="src.main.dir" value="project/src/main/java/tp_medev"></property><property name="os.arch" value="amd64"></property><property name="java.vm.specification.name" value="Java Virtual Machine Specification"></property><property name="java.awt.printerjob" value="sun.awt.windows.WPrinterJob"></property><property name="ant.home" value="C:\Program Files\Java\Ant\apache-ant-1.10.14"></property><property name="sun.os.patch.level" value=""></property><property name="ant.version" value="Apache Ant(TM) version 1.10.14 compiled on August 16 2023"></property><property name="java.library.path" value="C:\Program Files\Java\jdk-11\bin;C:\WINDOWS\Sun\Java\bin;C:\WINDOWS\system32;C:\WINDOWS;C:\Program Files\PowerShell\7;C:\Program Files\Java\jdk-23\bin;C:\Program Files\Common Files\Oracle\Java\javapath;C:\Program Files (x86)\Common Files\Oracle\Java\java8path;C:\Program Files (x86)\Common Files\Oracle\Java\javapath;C:\windows\system32;C:\windows;C:\windows\System32\Wbem;C:\windows\System32\WindowsPowerShell\v1.0\;C:\windows\System32\OpenSSH\;C:\Program Files (x86)\NVIDIA Corporation\PhysX\Common;C:\Program Files\NVIDIA Corporation\NVIDIA NvDLISR;C:\Users\Administrator\AppData\Local\Microsoft\WindowsApps;C:\Program Files\HP\OMEN-Broadcast\Common;C:\WINDOWS\system32;C:\WINDOWS;C:\WINDOWS\System32\Wbem;C:\WINDOWS\System32\WindowsPowerShell\v1.0\;C:\WINDOWS\System32\OpenSSH\;C:\Program Files\dotnet\;C:\Program Files\Microsoft VS Code\bin;C:\Program Files\Python\Python313;C:\Program Files\Python\Python313\Scripts;C:\Program Files\PowerShell\7\;C:\Program Files\PowerShell\7-preview\preview;C:\Program Files\Git\cmd;C:\Program Files\Java\Maven\apache-maven-3.9.9\bin;C:\Program Files\PostgreSQL\17\bin;C:\Program Files\nodejs\;C:\ProgramData\chocolatey\bin;C:\Program Files\Java\Ant\apache-ant-1.10.14\bin;C:\Users\Timothée\AppData\Local\Microsoft\WindowsApps;C:\Program Files (x86)\Nmap;C:\Users\Timothée\AppData\Roaming\npm;C:\Users\Timothée\AppData\Local\Microsoft\WinGet\Packages\Schniz.fnm_Microsoft.Winget.Source_8wekyb3d8bbwe;;."></property><property name="java.vendor" value="Oracle Corporation"></property><property name="java.vm.info" value="mixed mode"></property><property name="java.vm.version" value="11.0.24+7-LTS-271"></property><property name="java.specification.maintenance.version" value="2"></property><property name="ant.file.type.MEDEV_fin_TP" value="file"></property><property name="sun.io.unicode.encoding" value="UnicodeLittle"></property><property name="java.class.version" value="55.0"></property><property name="ant.project.default-target" value="build"></property></properties><testcase classname="tp_medev.PionTest" name="getY()" time="0.0"></testcase><testcase classname="tp_medev.PionTest" name="getX()" time="0.0"></testcase><testcase classname="tp_medev.PionTest" name="setCouleur()" time="0.01"></testcase><testcase classname="tp_medev.PionTest" name="getCouleur()" time="0.0"></testcase><testcase classname="tp_medev.PionTest" name="Pion()" time="0.01"><failure message="expected: &lt;tp_medev.Pion@71e9a896&gt; but was: &lt;tp_medev.Pion@6b9267b&gt;" type="org.opentest4j.AssertionFailedError"><![CDATA[org.opentest4j.AssertionFailedError: expected: <tp_medev.Pion@71e9a896> but was: <tp_medev.Pion@6b9267b>
	at org.junit.jupiter.api.AssertionFailureBuilder.build(AssertionFailureBuilder.java:151)
	at org.junit.jupiter.api.AssertionFailureBuilder.buildAndThrow(AssertionFailureBuilder.java:132)
	at org.junit.jupiter.api.AssertEquals.failNotEqual(AssertEquals.java:197)
	at org.junit.jupiter.api.AssertEquals.assertEquals(AssertEquals.java:182)
	at org.junit.jupiter.api.AssertEquals.assertEquals(AssertEquals.java:177)
	at org.junit.jupiter.api.Assertions.assertEquals(Assertions.java:1141)
	at tp_medev.PionTest.Pion(Unknown Source)
	at java.base/java.lang.reflect.Method.invoke(Method.java:566)
	at java.base/java.util.ArrayList.forEach(ArrayList.java:1541)
	at java.base/java.util.ArrayList.forEach(ArrayList.java:1541)
]]></failure></testcase><testcase classname="tp_medev.PionTest" name="setY()" time="0.0"></testcase><testcase classname="tp_medev.PionTest" name="setX()" time="0.0"></testcase></testsuite>